[28-Jul-2023 02:45:52 UTC] PHP Notice:  Undefined variable: post_id in D:\laragon\www\esimok_v1\blog\wp-content\themes\esimok_v1.0\template-parts\author-bio.php on line 5
[28-Jul-2023 02:45:52 UTC] PHP Notice:  Undefined variable: post_id in D:\laragon\www\esimok_v1\blog\wp-content\themes\esimok_v1.0\template-parts\author-bio.php on line 12
[30-Oct-2023 04:24:34 UTC] PHP Notice:  Undefined variable: post_id in D:\laragon\www\esimok_v1\blog\wp-content\themes\esimok_v1.0\template-parts\author-bio.php on line 5
[30-Oct-2023 04:24:34 UTC] PHP Notice:  Undefined variable: post_id in D:\laragon\www\esimok_v1\blog\wp-content\themes\esimok_v1.0\template-parts\author-bio.php on line 12
[31-Oct-2023 07:23:56 UTC] PHP Notice:  Undefined variable: post_id in D:\laragon\www\esimok_v1\wp-content\themes\esimok_v1.0\template-parts\author-bio.php on line 5
[31-Oct-2023 07:23:56 UTC] PHP Notice:  Undefined variable: post_id in D:\laragon\www\esimok_v1\wp-content\themes\esimok_v1.0\template-parts\author-bio.php on line 12
[31-Oct-2023 07:32:20 UTC] PHP Notice:  Undefined variable: post_id in D:\laragon\www\esimok_v1\wp-content\themes\esimok_v1.0\template-parts\author-bio.php on line 5
[31-Oct-2023 07:32:20 UTC] PHP Notice:  Undefined variable: post_id in D:\laragon\www\esimok_v1\wp-content\themes\esimok_v1.0\template-parts\author-bio.php on line 12
[31-Oct-2023 07:32:25 UTC] PHP Notice:  Undefined variable: post_id in D:\laragon\www\esimok_v1\wp-content\themes\esimok_v1.0\template-parts\author-bio.php on line 5
[31-Oct-2023 07:32:25 UTC] PHP Notice:  Undefined variable: post_id in D:\laragon\www\esimok_v1\wp-content\themes\esimok_v1.0\template-parts\author-bio.php on line 12
[31-Oct-2023 07:32:28 UTC] PHP Notice:  Undefined variable: post_id in D:\laragon\www\esimok_v1\wp-content\themes\esimok_v1.0\template-parts\author-bio.php on line 5
[31-Oct-2023 07:32:28 UTC] PHP Notice:  Undefined variable: post_id in D:\laragon\www\esimok_v1\wp-content\themes\esimok_v1.0\template-parts\author-bio.php on line 12
[03-Nov-2023 01:41:11 UTC] PHP Notice:  Function map_meta_cap was called <strong>incorrectly</strong>. The post type <code>visa_services</code> is not registered, so it may not be reliable to check the capability <code>edit_post</code> against a post of that type. Please see <a href="https://wordpress.org/documentation/article/debugging-in-wordpress/">Debugging in WordPress</a> for more information. (This message was added in version 4.4.0.) in D:\laragon\www\esimok_v1\wp-includes\functions.php on line 5865
[07-Nov-2023 07:37:30 UTC] PHP Parse error:  syntax error, unexpected 'template' (T_STRING), expecting ')' in D:\laragon\www\esimok_v1\wp-content\themes\esimok_v1.0\inc\class-esimok-post-types.php on line 72
[07-Nov-2023 07:37:30 UTC] PHP Notice:  Trying to access array offset on value of type bool in D:\laragon\www\esimok_v1\wp-includes\class-wp-recovery-mode-email-service.php on line 367
[07-Nov-2023 07:37:30 UTC] PHP Notice:  Trying to access array offset on value of type bool in D:\laragon\www\esimok_v1\wp-includes\class-wp-recovery-mode-email-service.php on line 368
[07-Nov-2023 07:37:33 UTC] PHP Parse error:  syntax error, unexpected 'template' (T_STRING), expecting ')' in D:\laragon\www\esimok_v1\wp-content\themes\esimok_v1.0\inc\class-esimok-post-types.php on line 72
[07-Nov-2023 07:37:33 UTC] PHP Parse error:  syntax error, unexpected 'template' (T_STRING), expecting ')' in D:\laragon\www\esimok_v1\wp-content\themes\esimok_v1.0\inc\class-esimok-post-types.php on line 72
[07-Nov-2023 07:37:36 UTC] PHP Parse error:  syntax error, unexpected 'template' (T_STRING), expecting ')' in D:\laragon\www\esimok_v1\wp-content\themes\esimok_v1.0\inc\class-esimok-post-types.php on line 72
[08-Nov-2023 01:14:11 UTC] PHP Warning:  An unexpected error occurred. Something may be wrong with WordPress.org or this server&#8217;s configuration. If you continue to have problems, please try the <a href="https://wordpress.org/support/forums/">support forums</a>. (WordPress could not establish a secure connection to WordPress.org. Please contact your server administrator.) in D:\laragon\www\esimok_v1\wp-includes\update.php on line 209
[08-Nov-2023 03:31:09 UTC] PHP Notice:  Trying to access array offset on value of type null in D:\laragon\www\esimok_v1\wp-content\themes\esimok_v1.0\templates\home-page.php on line 60
[08-Nov-2023 03:31:09 UTC] PHP Notice:  Trying to access array offset on value of type null in D:\laragon\www\esimok_v1\wp-content\themes\esimok_v1.0\templates\home-page.php on line 60
[08-Nov-2023 03:31:09 UTC] PHP Warning:  Illegal string offset 'url' in D:\laragon\www\esimok_v1\wp-content\themes\esimok_v1.0\templates\home-page.php on line 60
[08-Nov-2023 03:31:09 UTC] PHP Warning:  Illegal string offset 'alt' in D:\laragon\www\esimok_v1\wp-content\themes\esimok_v1.0\templates\home-page.php on line 60
[08-Nov-2023 03:31:09 UTC] PHP Warning:  Illegal string offset 'url' in D:\laragon\www\esimok_v1\wp-content\themes\esimok_v1.0\templates\home-page.php on line 60
[08-Nov-2023 03:31:09 UTC] PHP Warning:  Illegal string offset 'alt' in D:\laragon\www\esimok_v1\wp-content\themes\esimok_v1.0\templates\home-page.php on line 60
[08-Nov-2023 03:31:09 UTC] PHP Notice:  Trying to access array offset on value of type null in D:\laragon\www\esimok_v1\wp-content\themes\esimok_v1.0\templates\home-page.php on line 60
[08-Nov-2023 03:31:09 UTC] PHP Notice:  Trying to access array offset on value of type null in D:\laragon\www\esimok_v1\wp-content\themes\esimok_v1.0\templates\home-page.php on line 60
[08-Nov-2023 03:31:09 UTC] PHP Warning:  Illegal string offset 'url' in D:\laragon\www\esimok_v1\wp-content\themes\esimok_v1.0\templates\home-page.php on line 60
[08-Nov-2023 03:31:09 UTC] PHP Warning:  Illegal string offset 'alt' in D:\laragon\www\esimok_v1\wp-content\themes\esimok_v1.0\templates\home-page.php on line 60
[08-Nov-2023 03:31:09 UTC] PHP Warning:  Illegal string offset 'url' in D:\laragon\www\esimok_v1\wp-content\themes\esimok_v1.0\templates\home-page.php on line 60
[08-Nov-2023 03:31:09 UTC] PHP Warning:  Illegal string offset 'alt' in D:\laragon\www\esimok_v1\wp-content\themes\esimok_v1.0\templates\home-page.php on line 60
[08-Nov-2023 03:31:09 UTC] PHP Warning:  Illegal string offset 'url' in D:\laragon\www\esimok_v1\wp-content\themes\esimok_v1.0\templates\home-page.php on line 60
[08-Nov-2023 03:31:09 UTC] PHP Warning:  Illegal string offset 'alt' in D:\laragon\www\esimok_v1\wp-content\themes\esimok_v1.0\templates\home-page.php on line 60
[08-Nov-2023 03:31:09 UTC] PHP Warning:  Illegal string offset 'url' in D:\laragon\www\esimok_v1\wp-content\themes\esimok_v1.0\templates\home-page.php on line 60
[08-Nov-2023 03:31:09 UTC] PHP Warning:  Illegal string offset 'alt' in D:\laragon\www\esimok_v1\wp-content\themes\esimok_v1.0\templates\home-page.php on line 60
[08-Nov-2023 03:31:09 UTC] PHP Warning:  Illegal string offset 'url' in D:\laragon\www\esimok_v1\wp-content\themes\esimok_v1.0\templates\home-page.php on line 60
[08-Nov-2023 03:31:09 UTC] PHP Warning:  Illegal string offset 'alt' in D:\laragon\www\esimok_v1\wp-content\themes\esimok_v1.0\templates\home-page.php on line 60
[08-Nov-2023 03:31:09 UTC] PHP Warning:  Illegal string offset 'url' in D:\laragon\www\esimok_v1\wp-content\themes\esimok_v1.0\templates\home-page.php on line 60
[08-Nov-2023 03:31:09 UTC] PHP Warning:  Illegal string offset 'alt' in D:\laragon\www\esimok_v1\wp-content\themes\esimok_v1.0\templates\home-page.php on line 60
[08-Nov-2023 03:31:09 UTC] PHP Warning:  Illegal string offset 'url' in D:\laragon\www\esimok_v1\wp-content\themes\esimok_v1.0\templates\home-page.php on line 60
[08-Nov-2023 03:31:09 UTC] PHP Warning:  Illegal string offset 'alt' in D:\laragon\www\esimok_v1\wp-content\themes\esimok_v1.0\templates\home-page.php on line 60
[08-Nov-2023 03:31:26 UTC] PHP Notice:  Trying to access array offset on value of type null in D:\laragon\www\esimok_v1\wp-content\themes\esimok_v1.0\templates\home-page.php on line 61
[08-Nov-2023 03:31:26 UTC] PHP Notice:  Trying to access array offset on value of type null in D:\laragon\www\esimok_v1\wp-content\themes\esimok_v1.0\templates\home-page.php on line 61
[08-Nov-2023 03:31:26 UTC] PHP Warning:  Illegal string offset 'url' in D:\laragon\www\esimok_v1\wp-content\themes\esimok_v1.0\templates\home-page.php on line 61
[08-Nov-2023 03:31:26 UTC] PHP Warning:  Illegal string offset 'alt' in D:\laragon\www\esimok_v1\wp-content\themes\esimok_v1.0\templates\home-page.php on line 61
[08-Nov-2023 03:31:26 UTC] PHP Warning:  Illegal string offset 'url' in D:\laragon\www\esimok_v1\wp-content\themes\esimok_v1.0\templates\home-page.php on line 61
[08-Nov-2023 03:31:26 UTC] PHP Warning:  Illegal string offset 'alt' in D:\laragon\www\esimok_v1\wp-content\themes\esimok_v1.0\templates\home-page.php on line 61
[08-Nov-2023 03:31:26 UTC] PHP Notice:  Trying to access array offset on value of type null in D:\laragon\www\esimok_v1\wp-content\themes\esimok_v1.0\templates\home-page.php on line 61
[08-Nov-2023 03:31:26 UTC] PHP Notice:  Trying to access array offset on value of type null in D:\laragon\www\esimok_v1\wp-content\themes\esimok_v1.0\templates\home-page.php on line 61
[08-Nov-2023 03:31:26 UTC] PHP Warning:  Illegal string offset 'url' in D:\laragon\www\esimok_v1\wp-content\themes\esimok_v1.0\templates\home-page.php on line 61
[08-Nov-2023 03:31:26 UTC] PHP Warning:  Illegal string offset 'alt' in D:\laragon\www\esimok_v1\wp-content\themes\esimok_v1.0\templates\home-page.php on line 61
[08-Nov-2023 03:31:26 UTC] PHP Warning:  Illegal string offset 'url' in D:\laragon\www\esimok_v1\wp-content\themes\esimok_v1.0\templates\home-page.php on line 61
[08-Nov-2023 03:31:26 UTC] PHP Warning:  Illegal string offset 'alt' in D:\laragon\www\esimok_v1\wp-content\themes\esimok_v1.0\templates\home-page.php on line 61
[08-Nov-2023 03:31:26 UTC] PHP Warning:  Illegal string offset 'url' in D:\laragon\www\esimok_v1\wp-content\themes\esimok_v1.0\templates\home-page.php on line 61
[08-Nov-2023 03:31:26 UTC] PHP Warning:  Illegal string offset 'alt' in D:\laragon\www\esimok_v1\wp-content\themes\esimok_v1.0\templates\home-page.php on line 61
[08-Nov-2023 03:31:26 UTC] PHP Warning:  Illegal string offset 'url' in D:\laragon\www\esimok_v1\wp-content\themes\esimok_v1.0\templates\home-page.php on line 61
[08-Nov-2023 03:31:26 UTC] PHP Warning:  Illegal string offset 'alt' in D:\laragon\www\esimok_v1\wp-content\themes\esimok_v1.0\templates\home-page.php on line 61
[08-Nov-2023 03:31:26 UTC] PHP Warning:  Illegal string offset 'url' in D:\laragon\www\esimok_v1\wp-content\themes\esimok_v1.0\templates\home-page.php on line 61
[08-Nov-2023 03:31:26 UTC] PHP Warning:  Illegal string offset 'alt' in D:\laragon\www\esimok_v1\wp-content\themes\esimok_v1.0\templates\home-page.php on line 61
[08-Nov-2023 03:31:26 UTC] PHP Warning:  Illegal string offset 'url' in D:\laragon\www\esimok_v1\wp-content\themes\esimok_v1.0\templates\home-page.php on line 61
[08-Nov-2023 03:31:26 UTC] PHP Warning:  Illegal string offset 'alt' in D:\laragon\www\esimok_v1\wp-content\themes\esimok_v1.0\templates\home-page.php on line 61
[08-Nov-2023 03:31:26 UTC] PHP Warning:  Illegal string offset 'url' in D:\laragon\www\esimok_v1\wp-content\themes\esimok_v1.0\templates\home-page.php on line 61
[08-Nov-2023 03:31:26 UTC] PHP Warning:  Illegal string offset 'alt' in D:\laragon\www\esimok_v1\wp-content\themes\esimok_v1.0\templates\home-page.php on line 61
[08-Nov-2023 07:12:11 UTC] PHP Notice:  Undefined variable: post_id in D:\laragon\www\esimok_v1\wp-content\themes\esimok_v1.0\template-parts\author-bio.php on line 5
[08-Nov-2023 07:12:11 UTC] PHP Notice:  Undefined variable: post_id in D:\laragon\www\esimok_v1\wp-content\themes\esimok_v1.0\template-parts\author-bio.php on line 12
[08-Nov-2023 07:16:01 UTC] PHP Notice:  Undefined variable: post_id in D:\laragon\www\esimok_v1\wp-content\themes\esimok_v1.0\template-parts\author-bio.php on line 5
[08-Nov-2023 07:16:01 UTC] PHP Notice:  Undefined variable: post_id in D:\laragon\www\esimok_v1\wp-content\themes\esimok_v1.0\template-parts\author-bio.php on line 12
[08-Nov-2023 07:16:09 UTC] PHP Notice:  Undefined offset: 0 in D:\laragon\www\esimok_v1\wp-content\themes\esimok_v1.0\templates\home-page.php on line 78
[08-Nov-2023 07:30:03 UTC] PHP Notice:  Undefined offset: 0 in D:\laragon\www\esimok_v1\wp-content\themes\esimok_v1.0\templates\home-page.php on line 78
[08-Nov-2023 07:30:22 UTC] PHP Notice:  Undefined offset: 0 in D:\laragon\www\esimok_v1\wp-content\themes\esimok_v1.0\templates\home-page.php on line 78
[08-Nov-2023 07:30:22 UTC] PHP Notice:  Undefined offset: 0 in D:\laragon\www\esimok_v1\wp-content\themes\esimok_v1.0\templates\home-page.php on line 112
[08-Nov-2023 07:30:22 UTC] PHP Notice:  Undefined offset: 0 in D:\laragon\www\esimok_v1\wp-content\themes\esimok_v1.0\templates\home-page.php on line 112
[08-Nov-2023 07:30:22 UTC] PHP Notice:  Undefined offset: 0 in D:\laragon\www\esimok_v1\wp-content\themes\esimok_v1.0\templates\home-page.php on line 112
[08-Nov-2023 07:30:22 UTC] PHP Notice:  Undefined offset: 0 in D:\laragon\www\esimok_v1\wp-content\themes\esimok_v1.0\templates\home-page.php on line 112
[08-Nov-2023 07:30:22 UTC] PHP Notice:  Undefined offset: 0 in D:\laragon\www\esimok_v1\wp-content\themes\esimok_v1.0\templates\home-page.php on line 112
[08-Nov-2023 07:30:22 UTC] PHP Notice:  Undefined offset: 0 in D:\laragon\www\esimok_v1\wp-content\themes\esimok_v1.0\templates\home-page.php on line 112
[08-Nov-2023 07:30:41 UTC] PHP Notice:  Undefined offset: 0 in D:\laragon\www\esimok_v1\wp-content\themes\esimok_v1.0\templates\home-page.php on line 112
[08-Nov-2023 07:30:41 UTC] PHP Notice:  Undefined offset: 0 in D:\laragon\www\esimok_v1\wp-content\themes\esimok_v1.0\templates\home-page.php on line 112
[08-Nov-2023 07:30:41 UTC] PHP Notice:  Undefined offset: 0 in D:\laragon\www\esimok_v1\wp-content\themes\esimok_v1.0\templates\home-page.php on line 112
[08-Nov-2023 07:30:41 UTC] PHP Notice:  Undefined offset: 0 in D:\laragon\www\esimok_v1\wp-content\themes\esimok_v1.0\templates\home-page.php on line 112
[08-Nov-2023 07:30:41 UTC] PHP Notice:  Undefined offset: 0 in D:\laragon\www\esimok_v1\wp-content\themes\esimok_v1.0\templates\home-page.php on line 112
[08-Nov-2023 07:30:41 UTC] PHP Notice:  Undefined offset: 0 in D:\laragon\www\esimok_v1\wp-content\themes\esimok_v1.0\templates\home-page.php on line 112
[08-Nov-2023 07:31:14 UTC] PHP Notice:  Undefined offset: 0 in D:\laragon\www\esimok_v1\wp-content\themes\esimok_v1.0\templates\home-page.php on line 112
[08-Nov-2023 07:31:14 UTC] PHP Notice:  Undefined offset: 0 in D:\laragon\www\esimok_v1\wp-content\themes\esimok_v1.0\templates\home-page.php on line 112
[08-Nov-2023 07:31:14 UTC] PHP Notice:  Undefined offset: 0 in D:\laragon\www\esimok_v1\wp-content\themes\esimok_v1.0\templates\home-page.php on line 112
[08-Nov-2023 07:31:14 UTC] PHP Notice:  Undefined offset: 0 in D:\laragon\www\esimok_v1\wp-content\themes\esimok_v1.0\templates\home-page.php on line 112
[08-Nov-2023 07:31:14 UTC] PHP Notice:  Undefined offset: 0 in D:\laragon\www\esimok_v1\wp-content\themes\esimok_v1.0\templates\home-page.php on line 112
[08-Nov-2023 07:31:14 UTC] PHP Notice:  Undefined offset: 0 in D:\laragon\www\esimok_v1\wp-content\themes\esimok_v1.0\templates\home-page.php on line 112
[08-Nov-2023 07:34:52 UTC] PHP Notice:  Undefined offset: 0 in D:\laragon\www\esimok_v1\wp-content\themes\esimok_v1.0\templates\home-page.php on line 112
[08-Nov-2023 07:34:52 UTC] PHP Notice:  Undefined offset: 0 in D:\laragon\www\esimok_v1\wp-content\themes\esimok_v1.0\templates\home-page.php on line 112
[08-Nov-2023 07:34:52 UTC] PHP Notice:  Undefined offset: 0 in D:\laragon\www\esimok_v1\wp-content\themes\esimok_v1.0\templates\home-page.php on line 112
[08-Nov-2023 07:34:52 UTC] PHP Notice:  Undefined offset: 0 in D:\laragon\www\esimok_v1\wp-content\themes\esimok_v1.0\templates\home-page.php on line 112
[08-Nov-2023 07:34:52 UTC] PHP Notice:  Undefined offset: 0 in D:\laragon\www\esimok_v1\wp-content\themes\esimok_v1.0\templates\home-page.php on line 112
[08-Nov-2023 07:34:52 UTC] PHP Notice:  Undefined offset: 0 in D:\laragon\www\esimok_v1\wp-content\themes\esimok_v1.0\templates\home-page.php on line 112
[08-Nov-2023 07:39:12 UTC] PHP Notice:  Undefined offset: 0 in D:\laragon\www\esimok_v1\wp-content\themes\esimok_v1.0\templates\home-page.php on line 112
[08-Nov-2023 07:39:12 UTC] PHP Notice:  Undefined offset: 0 in D:\laragon\www\esimok_v1\wp-content\themes\esimok_v1.0\templates\home-page.php on line 112
[08-Nov-2023 07:39:12 UTC] PHP Notice:  Undefined offset: 0 in D:\laragon\www\esimok_v1\wp-content\themes\esimok_v1.0\templates\home-page.php on line 112
[08-Nov-2023 07:39:12 UTC] PHP Notice:  Undefined offset: 0 in D:\laragon\www\esimok_v1\wp-content\themes\esimok_v1.0\templates\home-page.php on line 112
[08-Nov-2023 07:39:12 UTC] PHP Notice:  Undefined offset: 0 in D:\laragon\www\esimok_v1\wp-content\themes\esimok_v1.0\templates\home-page.php on line 112
[08-Nov-2023 07:39:12 UTC] PHP Notice:  Undefined offset: 0 in D:\laragon\www\esimok_v1\wp-content\themes\esimok_v1.0\templates\home-page.php on line 112
[08-Nov-2023 07:39:22 UTC] PHP Notice:  Undefined offset: 0 in D:\laragon\www\esimok_v1\wp-content\themes\esimok_v1.0\templates\home-page.php on line 112
[08-Nov-2023 07:39:22 UTC] PHP Notice:  Undefined offset: 0 in D:\laragon\www\esimok_v1\wp-content\themes\esimok_v1.0\templates\home-page.php on line 112
[08-Nov-2023 07:39:22 UTC] PHP Notice:  Undefined offset: 0 in D:\laragon\www\esimok_v1\wp-content\themes\esimok_v1.0\templates\home-page.php on line 112
[08-Nov-2023 07:39:22 UTC] PHP Notice:  Undefined offset: 0 in D:\laragon\www\esimok_v1\wp-content\themes\esimok_v1.0\templates\home-page.php on line 112
[08-Nov-2023 07:39:22 UTC] PHP Notice:  Undefined offset: 0 in D:\laragon\www\esimok_v1\wp-content\themes\esimok_v1.0\templates\home-page.php on line 112
[08-Nov-2023 07:39:22 UTC] PHP Notice:  Undefined offset: 0 in D:\laragon\www\esimok_v1\wp-content\themes\esimok_v1.0\templates\home-page.php on line 112
[08-Nov-2023 07:39:42 UTC] PHP Notice:  Undefined offset: 0 in D:\laragon\www\esimok_v1\wp-content\themes\esimok_v1.0\templates\home-page.php on line 112
[08-Nov-2023 07:39:42 UTC] PHP Notice:  Undefined offset: 0 in D:\laragon\www\esimok_v1\wp-content\themes\esimok_v1.0\templates\home-page.php on line 112
[08-Nov-2023 07:39:42 UTC] PHP Notice:  Undefined offset: 0 in D:\laragon\www\esimok_v1\wp-content\themes\esimok_v1.0\templates\home-page.php on line 112
[08-Nov-2023 07:39:42 UTC] PHP Notice:  Undefined offset: 0 in D:\laragon\www\esimok_v1\wp-content\themes\esimok_v1.0\templates\home-page.php on line 112
[08-Nov-2023 07:39:42 UTC] PHP Notice:  Undefined offset: 0 in D:\laragon\www\esimok_v1\wp-content\themes\esimok_v1.0\templates\home-page.php on line 112
[08-Nov-2023 07:39:42 UTC] PHP Notice:  Undefined offset: 0 in D:\laragon\www\esimok_v1\wp-content\themes\esimok_v1.0\templates\home-page.php on line 112
[08-Nov-2023 08:22:47 UTC] PHP Notice:  Undefined offset: 0 in D:\laragon\www\esimok_v1\wp-content\themes\esimok_v1.0\templates\home-page.php on line 112
[08-Nov-2023 08:22:47 UTC] PHP Notice:  Undefined offset: 0 in D:\laragon\www\esimok_v1\wp-content\themes\esimok_v1.0\templates\home-page.php on line 112
[08-Nov-2023 08:22:47 UTC] PHP Notice:  Undefined offset: 0 in D:\laragon\www\esimok_v1\wp-content\themes\esimok_v1.0\templates\home-page.php on line 112
[08-Nov-2023 08:22:47 UTC] PHP Notice:  Undefined offset: 0 in D:\laragon\www\esimok_v1\wp-content\themes\esimok_v1.0\templates\home-page.php on line 112
[08-Nov-2023 08:22:47 UTC] PHP Notice:  Undefined offset: 0 in D:\laragon\www\esimok_v1\wp-content\themes\esimok_v1.0\templates\home-page.php on line 112
[08-Nov-2023 08:22:47 UTC] PHP Notice:  Undefined offset: 0 in D:\laragon\www\esimok_v1\wp-content\themes\esimok_v1.0\templates\home-page.php on line 112
[08-Nov-2023 08:29:30 UTC] PHP Notice:  Undefined offset: 0 in D:\laragon\www\esimok_v1\wp-content\themes\esimok_v1.0\templates\home-page.php on line 112
[08-Nov-2023 08:29:30 UTC] PHP Notice:  Undefined offset: 0 in D:\laragon\www\esimok_v1\wp-content\themes\esimok_v1.0\templates\home-page.php on line 112
[08-Nov-2023 08:29:30 UTC] PHP Notice:  Undefined offset: 0 in D:\laragon\www\esimok_v1\wp-content\themes\esimok_v1.0\templates\home-page.php on line 112
[08-Nov-2023 08:29:30 UTC] PHP Notice:  Undefined offset: 0 in D:\laragon\www\esimok_v1\wp-content\themes\esimok_v1.0\templates\home-page.php on line 112
[08-Nov-2023 08:29:30 UTC] PHP Notice:  Undefined offset: 0 in D:\laragon\www\esimok_v1\wp-content\themes\esimok_v1.0\templates\home-page.php on line 112
[08-Nov-2023 08:29:30 UTC] PHP Notice:  Undefined offset: 0 in D:\laragon\www\esimok_v1\wp-content\themes\esimok_v1.0\templates\home-page.php on line 112
[08-Nov-2023 08:40:19 UTC] PHP Notice:  Undefined offset: 0 in D:\laragon\www\esimok_v1\wp-content\themes\esimok_v1.0\templates\home-page.php on line 112
[08-Nov-2023 08:40:19 UTC] PHP Notice:  Undefined offset: 0 in D:\laragon\www\esimok_v1\wp-content\themes\esimok_v1.0\templates\home-page.php on line 112
[08-Nov-2023 08:40:19 UTC] PHP Notice:  Undefined offset: 0 in D:\laragon\www\esimok_v1\wp-content\themes\esimok_v1.0\templates\home-page.php on line 112
[08-Nov-2023 08:40:19 UTC] PHP Notice:  Undefined offset: 0 in D:\laragon\www\esimok_v1\wp-content\themes\esimok_v1.0\templates\home-page.php on line 112
[08-Nov-2023 08:40:19 UTC] PHP Notice:  Undefined offset: 0 in D:\laragon\www\esimok_v1\wp-content\themes\esimok_v1.0\templates\home-page.php on line 112
[08-Nov-2023 08:40:19 UTC] PHP Notice:  Undefined offset: 0 in D:\laragon\www\esimok_v1\wp-content\themes\esimok_v1.0\templates\home-page.php on line 112
[08-Nov-2023 08:40:45 UTC] PHP Notice:  Undefined offset: 0 in D:\laragon\www\esimok_v1\wp-content\themes\esimok_v1.0\templates\home-page.php on line 112
[08-Nov-2023 08:40:45 UTC] PHP Notice:  Undefined offset: 0 in D:\laragon\www\esimok_v1\wp-content\themes\esimok_v1.0\templates\home-page.php on line 112
[08-Nov-2023 08:40:45 UTC] PHP Notice:  Undefined offset: 0 in D:\laragon\www\esimok_v1\wp-content\themes\esimok_v1.0\templates\home-page.php on line 112
[08-Nov-2023 08:40:45 UTC] PHP Notice:  Undefined offset: 0 in D:\laragon\www\esimok_v1\wp-content\themes\esimok_v1.0\templates\home-page.php on line 112
[08-Nov-2023 08:40:45 UTC] PHP Notice:  Undefined offset: 0 in D:\laragon\www\esimok_v1\wp-content\themes\esimok_v1.0\templates\home-page.php on line 112
[08-Nov-2023 08:40:45 UTC] PHP Notice:  Undefined offset: 0 in D:\laragon\www\esimok_v1\wp-content\themes\esimok_v1.0\templates\home-page.php on line 112
[08-Nov-2023 08:40:52 UTC] PHP Notice:  Undefined offset: 0 in D:\laragon\www\esimok_v1\wp-content\themes\esimok_v1.0\templates\home-page.php on line 112
[08-Nov-2023 08:40:52 UTC] PHP Notice:  Undefined offset: 0 in D:\laragon\www\esimok_v1\wp-content\themes\esimok_v1.0\templates\home-page.php on line 112
[08-Nov-2023 08:40:52 UTC] PHP Notice:  Undefined offset: 0 in D:\laragon\www\esimok_v1\wp-content\themes\esimok_v1.0\templates\home-page.php on line 112
[08-Nov-2023 08:40:52 UTC] PHP Notice:  Undefined offset: 0 in D:\laragon\www\esimok_v1\wp-content\themes\esimok_v1.0\templates\home-page.php on line 112
[08-Nov-2023 08:40:52 UTC] PHP Notice:  Undefined offset: 0 in D:\laragon\www\esimok_v1\wp-content\themes\esimok_v1.0\templates\home-page.php on line 112
[08-Nov-2023 08:40:52 UTC] PHP Notice:  Undefined offset: 0 in D:\laragon\www\esimok_v1\wp-content\themes\esimok_v1.0\templates\home-page.php on line 112
[08-Nov-2023 08:48:38 UTC] PHP Notice:  Undefined offset: 0 in D:\laragon\www\esimok_v1\wp-content\themes\esimok_v1.0\templates\home-page.php on line 112
[08-Nov-2023 08:48:38 UTC] PHP Notice:  Undefined offset: 0 in D:\laragon\www\esimok_v1\wp-content\themes\esimok_v1.0\templates\home-page.php on line 112
[08-Nov-2023 08:48:38 UTC] PHP Notice:  Undefined offset: 0 in D:\laragon\www\esimok_v1\wp-content\themes\esimok_v1.0\templates\home-page.php on line 112
[08-Nov-2023 08:48:38 UTC] PHP Notice:  Undefined offset: 0 in D:\laragon\www\esimok_v1\wp-content\themes\esimok_v1.0\templates\home-page.php on line 112
[08-Nov-2023 08:48:38 UTC] PHP Notice:  Undefined offset: 0 in D:\laragon\www\esimok_v1\wp-content\themes\esimok_v1.0\templates\home-page.php on line 112
[08-Nov-2023 08:48:38 UTC] PHP Notice:  Undefined offset: 0 in D:\laragon\www\esimok_v1\wp-content\themes\esimok_v1.0\templates\home-page.php on line 112
[08-Nov-2023 08:49:04 UTC] PHP Notice:  Undefined offset: 0 in D:\laragon\www\esimok_v1\wp-content\themes\esimok_v1.0\templates\home-page.php on line 112
[08-Nov-2023 08:49:04 UTC] PHP Notice:  Undefined offset: 0 in D:\laragon\www\esimok_v1\wp-content\themes\esimok_v1.0\templates\home-page.php on line 112
[08-Nov-2023 08:49:04 UTC] PHP Notice:  Undefined offset: 0 in D:\laragon\www\esimok_v1\wp-content\themes\esimok_v1.0\templates\home-page.php on line 112
[08-Nov-2023 08:49:04 UTC] PHP Notice:  Undefined offset: 0 in D:\laragon\www\esimok_v1\wp-content\themes\esimok_v1.0\templates\home-page.php on line 112
[08-Nov-2023 08:49:04 UTC] PHP Notice:  Undefined offset: 0 in D:\laragon\www\esimok_v1\wp-content\themes\esimok_v1.0\templates\home-page.php on line 112
[08-Nov-2023 08:49:04 UTC] PHP Notice:  Undefined offset: 0 in D:\laragon\www\esimok_v1\wp-content\themes\esimok_v1.0\templates\home-page.php on line 112
[08-Nov-2023 08:51:34 UTC] PHP Notice:  Undefined offset: 0 in D:\laragon\www\esimok_v1\wp-content\themes\esimok_v1.0\templates\home-page.php on line 112
[08-Nov-2023 08:51:35 UTC] PHP Notice:  Undefined offset: 0 in D:\laragon\www\esimok_v1\wp-content\themes\esimok_v1.0\templates\home-page.php on line 112
[08-Nov-2023 08:51:35 UTC] PHP Notice:  Undefined offset: 0 in D:\laragon\www\esimok_v1\wp-content\themes\esimok_v1.0\templates\home-page.php on line 112
[08-Nov-2023 08:51:35 UTC] PHP Notice:  Undefined offset: 0 in D:\laragon\www\esimok_v1\wp-content\themes\esimok_v1.0\templates\home-page.php on line 112
[08-Nov-2023 08:51:35 UTC] PHP Notice:  Undefined offset: 0 in D:\laragon\www\esimok_v1\wp-content\themes\esimok_v1.0\templates\home-page.php on line 112
[08-Nov-2023 08:51:35 UTC] PHP Notice:  Undefined offset: 0 in D:\laragon\www\esimok_v1\wp-content\themes\esimok_v1.0\templates\home-page.php on line 112
[08-Nov-2023 09:10:52 UTC] PHP Notice:  Undefined offset: 0 in D:\laragon\www\esimok_v1\wp-content\themes\esimok_v1.0\templates\home-page.php on line 112
[08-Nov-2023 09:10:52 UTC] PHP Notice:  Undefined offset: 0 in D:\laragon\www\esimok_v1\wp-content\themes\esimok_v1.0\templates\home-page.php on line 112
[08-Nov-2023 09:10:52 UTC] PHP Notice:  Undefined offset: 0 in D:\laragon\www\esimok_v1\wp-content\themes\esimok_v1.0\templates\home-page.php on line 112
[08-Nov-2023 09:10:52 UTC] PHP Notice:  Undefined offset: 0 in D:\laragon\www\esimok_v1\wp-content\themes\esimok_v1.0\templates\home-page.php on line 112
[08-Nov-2023 09:10:52 UTC] PHP Notice:  Undefined offset: 0 in D:\laragon\www\esimok_v1\wp-content\themes\esimok_v1.0\templates\home-page.php on line 112
[08-Nov-2023 09:10:52 UTC] PHP Notice:  Undefined offset: 0 in D:\laragon\www\esimok_v1\wp-content\themes\esimok_v1.0\templates\home-page.php on line 112
[08-Nov-2023 09:17:11 UTC] PHP Notice:  Undefined offset: 0 in D:\laragon\www\esimok_v1\wp-content\themes\esimok_v1.0\templates\home-page.php on line 112
[08-Nov-2023 09:17:11 UTC] PHP Notice:  Undefined offset: 0 in D:\laragon\www\esimok_v1\wp-content\themes\esimok_v1.0\templates\home-page.php on line 112
[08-Nov-2023 09:17:11 UTC] PHP Notice:  Undefined offset: 0 in D:\laragon\www\esimok_v1\wp-content\themes\esimok_v1.0\templates\home-page.php on line 112
[08-Nov-2023 09:17:11 UTC] PHP Notice:  Undefined offset: 0 in D:\laragon\www\esimok_v1\wp-content\themes\esimok_v1.0\templates\home-page.php on line 112
[08-Nov-2023 09:17:11 UTC] PHP Notice:  Undefined offset: 0 in D:\laragon\www\esimok_v1\wp-content\themes\esimok_v1.0\templates\home-page.php on line 112
[08-Nov-2023 09:17:11 UTC] PHP Notice:  Undefined offset: 0 in D:\laragon\www\esimok_v1\wp-content\themes\esimok_v1.0\templates\home-page.php on line 112
[08-Nov-2023 09:18:06 UTC] PHP Notice:  Undefined offset: 0 in D:\laragon\www\esimok_v1\wp-content\themes\esimok_v1.0\templates\home-page.php on line 112
[08-Nov-2023 09:18:06 UTC] PHP Notice:  Undefined offset: 0 in D:\laragon\www\esimok_v1\wp-content\themes\esimok_v1.0\templates\home-page.php on line 112
[08-Nov-2023 09:18:06 UTC] PHP Notice:  Undefined offset: 0 in D:\laragon\www\esimok_v1\wp-content\themes\esimok_v1.0\templates\home-page.php on line 112
[08-Nov-2023 09:18:06 UTC] PHP Notice:  Undefined offset: 0 in D:\laragon\www\esimok_v1\wp-content\themes\esimok_v1.0\templates\home-page.php on line 112
[08-Nov-2023 09:18:06 UTC] PHP Notice:  Undefined offset: 0 in D:\laragon\www\esimok_v1\wp-content\themes\esimok_v1.0\templates\home-page.php on line 112
[08-Nov-2023 09:18:06 UTC] PHP Notice:  Undefined offset: 0 in D:\laragon\www\esimok_v1\wp-content\themes\esimok_v1.0\templates\home-page.php on line 112
[08-Nov-2023 09:18:20 UTC] PHP Notice:  Undefined offset: 0 in D:\laragon\www\esimok_v1\wp-content\themes\esimok_v1.0\templates\home-page.php on line 112
[08-Nov-2023 09:18:20 UTC] PHP Notice:  Undefined offset: 0 in D:\laragon\www\esimok_v1\wp-content\themes\esimok_v1.0\templates\home-page.php on line 112
[08-Nov-2023 09:18:20 UTC] PHP Notice:  Undefined offset: 0 in D:\laragon\www\esimok_v1\wp-content\themes\esimok_v1.0\templates\home-page.php on line 112
[08-Nov-2023 09:18:20 UTC] PHP Notice:  Undefined offset: 0 in D:\laragon\www\esimok_v1\wp-content\themes\esimok_v1.0\templates\home-page.php on line 112
[08-Nov-2023 09:18:20 UTC] PHP Notice:  Undefined offset: 0 in D:\laragon\www\esimok_v1\wp-content\themes\esimok_v1.0\templates\home-page.php on line 112
[08-Nov-2023 09:18:20 UTC] PHP Notice:  Undefined offset: 0 in D:\laragon\www\esimok_v1\wp-content\themes\esimok_v1.0\templates\home-page.php on line 112
[09-Nov-2023 01:15:57 UTC] PHP Notice:  Undefined offset: 0 in D:\laragon\www\esimok_v1\wp-content\themes\esimok_v1.0\templates\home-page.php on line 112
[09-Nov-2023 01:15:57 UTC] PHP Notice:  Undefined offset: 0 in D:\laragon\www\esimok_v1\wp-content\themes\esimok_v1.0\templates\home-page.php on line 112
[09-Nov-2023 01:15:57 UTC] PHP Notice:  Undefined offset: 0 in D:\laragon\www\esimok_v1\wp-content\themes\esimok_v1.0\templates\home-page.php on line 112
[09-Nov-2023 01:15:57 UTC] PHP Notice:  Undefined offset: 0 in D:\laragon\www\esimok_v1\wp-content\themes\esimok_v1.0\templates\home-page.php on line 112
[09-Nov-2023 01:15:57 UTC] PHP Notice:  Undefined offset: 0 in D:\laragon\www\esimok_v1\wp-content\themes\esimok_v1.0\templates\home-page.php on line 112
[09-Nov-2023 01:15:57 UTC] PHP Notice:  Undefined offset: 0 in D:\laragon\www\esimok_v1\wp-content\themes\esimok_v1.0\templates\home-page.php on line 112
[09-Nov-2023 02:30:04 UTC] PHP Notice:  Undefined offset: 0 in D:\laragon\www\esimok_v1\wp-content\themes\esimok_v1.0\templates\home-page.php on line 112
[09-Nov-2023 02:30:04 UTC] PHP Notice:  Undefined offset: 0 in D:\laragon\www\esimok_v1\wp-content\themes\esimok_v1.0\templates\home-page.php on line 112
[09-Nov-2023 02:30:04 UTC] PHP Notice:  Undefined offset: 0 in D:\laragon\www\esimok_v1\wp-content\themes\esimok_v1.0\templates\home-page.php on line 112
[09-Nov-2023 02:30:04 UTC] PHP Notice:  Undefined offset: 0 in D:\laragon\www\esimok_v1\wp-content\themes\esimok_v1.0\templates\home-page.php on line 112
[09-Nov-2023 02:30:04 UTC] PHP Notice:  Undefined offset: 0 in D:\laragon\www\esimok_v1\wp-content\themes\esimok_v1.0\templates\home-page.php on line 112
[09-Nov-2023 02:30:04 UTC] PHP Notice:  Undefined offset: 0 in D:\laragon\www\esimok_v1\wp-content\themes\esimok_v1.0\templates\home-page.php on line 112
[09-Nov-2023 02:30:06 UTC] PHP Parse error:  syntax error, unexpected end of file, expecting elseif (T_ELSEIF) or else (T_ELSE) or endif (T_ENDIF) in D:\laragon\www\esimok_v1\wp-content\themes\esimok_v1.0\taxonomy-esimok_categories.php on line 113
